<?xml version="1.0" encoding="UTF-8"?>
<!-- Generated by org.testng.reporters.JUnitXMLReporter -->
<testsuite hostname="LAPTOP-N6EHSS2A" ignored="0" name="Test" tests="3" failures="0" timestamp="2020-05-11T13:40:09 IST" time="0.035" errors="0">
  <testcase name="deletetwitter" time="0.005" classname="qaclickacademy.Mavenjava.RESTAPI"/>
  <testcase name="postJira" time="0.0" classname="qaclickacademy.Mavenjava.RESTAPI"/>
  <testcase name="mobiletest" time="0.001" classname="qaclickacademy.Mavenjava.AppiumTest"/>
</testsuite> <!-- Test -->
