<?xml version="1.0" encoding="UTF-8"?>
<testng-results skipped="0" failed="0" ignored="0" total="3" passed="3">
  <reporter-output>
  </reporter-output>
  <suite name="Suite" duration-ms="64" started-at="2020-05-11T13:21:56 IST" finished-at="2020-05-11T13:21:56 IST">
    <groups>
    </groups>
    <test name="Test" duration-ms="64" started-at="2020-05-11T13:21:56 IST" finished-at="2020-05-11T13:21:56 IST">
      <class name="qaclickacademy.Mavenjava.AppiumTest">
        <test-method status="PASS" signature="mobiletest()[pri:0, instance:qaclickacademy.Mavenjava.AppiumTest@59e5ddf]" name="mobiletest" duration-ms="1" started-at="2020-05-11T13:21:56 IST" finished-at="2020-05-11T13:21:56 IST">
          <reporter-output>
          </reporter-output>
        </test-method> <!-- mobiletest -->
      </class> <!-- qaclickacademy.Mavenjava.AppiumTest -->
      <class name="qaclickacademy.Mavenjava.RESTAPI">
        <test-method status="PASS" signature="deletetwitter()[pri:0, instance:qaclickacademy.Mavenjava.RESTAPI@646d64ab]" name="deletetwitter" duration-ms="9" started-at="2020-05-11T13:21:56 IST" finished-at="2020-05-11T13:21:56 IST">
          <reporter-output>
          </reporter-output>
        </test-method> <!-- deletetwitter -->
        <test-method status="PASS" signature="postJira()[pri:0, instance:qaclickacademy.Mavenjava.RESTAPI@646d64ab]" name="postJira" duration-ms="2" started-at="2020-05-11T13:21:56 IST" finished-at="2020-05-11T13:21:56 IST">
          <reporter-output>
          </reporter-output>
        </test-method> <!-- postJira -->
      </class> <!-- qaclickacademy.Mavenjava.RESTAPI -->
    </test> <!-- Test -->
  </suite> <!-- Suite -->
</testng-results>
